BC2GM000008491|34 37|trio
BC2GM000008491|41 43|Abl
BC2GM000030196|34 43|Hepatitis A
BC2GM000132505|27 32|DNA-PK
BC2GM000136143|138 140|COR
BC2GM000227172|19 22|MAPK
BC2GM000227172|30 34|Raf-1
BC2GM000227172|71 74|Jak1
BC2GM000293986|42 51|human gp330
BC2GM000487648|46 60|serum pepsinogen
BC2GM000493215|3 45|P-ITIM-compelled multi-phosphoprotein complex
BC2GM000493215|65 69|SHP-2
BC2GM000493215|98 101|SHIP
BC2GM000493215|105 107|Shc
BC2GM000522836|27 50|M1Ach-muscarinic receptor
BC2GM000522836|73 76|GnRH
BC2GM000522836|114 116|PRL
BC2GM000522836|171 179|Gs protein
BC2GM000534680|123 127|SMAD3
BC2GM000534680|183 206|TGF-beta-specific complex
BC2GM000554364|97 101|MEF-2
BC2GM000554364|131 133|mck
BC2GM000555540|47 66|GC box-binding protein
BC2GM000555540|68 72|BTEB2
BC2GM000665827|161 173|beta- and gamma
BC2GM000692061|0 2|E2A
BC2GM000692061|4 6|HLF
BC2GM000692061|49 71|trans-activation domains
BC2GM000692061|74 76|E2A
BC2GM000692061|116 118|HLF
BC2GM000748612|29 51|luciferase reporter genes
BC2GM000748612|91 99|CALM genes
BC2GM000748612|137 150|endogenous CALM
BC2GM000796681|9 14|ZAP-70
BC2GM000796681|17 28|phospho-TAMs
BC2GM000796681|81 90|SH2 domains
BC2GM000870973|35 39|hFIRE
BC2GM000870973|67 69|Sp1
BC2GM000870973|73 75|Sp3
BC2GM000980177|87 89|p67
BC2GM001006298|84 102|nucleosomal histones
BC2GM001205480|21 39|cholesterol esterase
BC2GM001205480|79 85|lipases
BC2GM001205480|139 147|G-X-S-X-G
BC2GM001213287|125 125|J
BC2GM001213287|130 131|CE
BC2GM001234519|46 63|WT AP1 c-jun promoter
BC2GM001234519|65 67|CAT
BC2GM001304367|113 132|rabies immunoglobulin
BC2GM001304367|134 136|RIG
BC2GM001477367|58 72|nuclear proteins
BC2GM001477367|87 106|consensus kappa B motif
BC2GM001534399|92 96|trfAp
BC2GM001534399|103 112|trfA operon
BC2GM001534399|116 120|trbAp
BC2GM001534399|124 128|trbBp
BC2GM001534399|135 143|trb operon
BC2GM001536665|22 35|ERCC3Dm protein
BC2GM001605361|21 25|CWH43
BC2GM001605361|39 42|BCK2
BC2GM001605361|54 57|PKC1
BC2GM001605361|81 85|cwh43
BC2GM001605361|118 121|pkc1
BC2GM001605361|141 145|cwh43
BC2GM001605361|185 188|BCK2
BC2GM001605361|261 264|PKC1
BC2GM001605361|286 289|BCK2
BC2GM001605361|309 318|cln3 mutant
BC2GM001605361|382 397|cwh43 cln3 mutants
BC2GM001605780|15 23|E2 protein
BC2GM001605780|51 55|HPV E6
BC2GM001605780|59 60|E7
BC2GM001618021|22 36|PTPN6 transcript
BC2GM001688677|42 49|glucagon
BC2GM001799055|27 30|PNRC
BC2GM001799055|48 62|orphan receptors
BC2GM001799055|63 65|SF1
BC2GM001799055|69 77|ERRalpha1
BC2GM001896188|51 54|Skb1
BC2GM001896188|100 102|Ras
BC2GM001896188|156 159|Shk1
BC2GM001910152|105 116|rat ucp-1 gene
BC2GM001910152|132 140|PPARalpha
BC2GM001910152|223 244|retinoid X receptor alpha
BC2GM001917913|0 3|CRKL
BC2GM001962189|5 6|C3
BC2GM001987154|3 50|adenovirus E1B 19,000-molecular-weight (19K) protein
BC2GM001987154|97 99|E1A
BC2GM002025862|29 43|kappa light chain
BC2GM002038023|55 57|hCG
BC2GM002038023|74 75|LH
BC2GM002038787|0 8|Scleraxis
BC2GM002038787|46 57|aggrecan gene
BC2GM002040357|31 52|mammalian homeo box genes
BC2GM002081221|139 182|neomycin aminoglycoside phosphotransferase gene
BC2GM002134546|18 28|beta subunit
BC2GM002134546|31 42|rabbit eIF-2B
BC2GM002155163|91 104|Sp1 binding site
BC2GM002155163|138 148|embigin gene
BC2GM002241638|3 38|cdc42W97R temperature-sensitive allele
BC2GM002241638|134 148|cdc42-1ts mutant
BC2GM002297931|183 200|spectrin Providence
BC2GM002300410|33 37|MMAC1
BC2GM002300410|39 42|PTEN
BC2GM002300410|99 105|p27Kip1
BC2GM002300410|110 116|cyclin E
BC2GM002300410|118 121|CDK2
BC2GM002401623|20 56|phosphospecific anti-Src (416Y) antibody
BC2GM002404692|0 10|Spinophilin
BC2GM002404692|18 50|protein phosphatase 1 binding protein
BC2GM002436660|3 12|Htf9-a gene
BC2GM002436660|23 35|RanBP1 protein
BC2GM002436660|55 63|Ran GTPase
BC2GM002489529|17 27|Ure2 protein
BC2GM002567582|15 17|p16
BC2GM002567582|56 58|cdk
BC2GM002567582|69 75|p21Cip1
BC2GM002567582|78 84|p27Kip1
BC2GM002567582|123 125|pRb
BC2GM002567582|144 159|E2F family members
BC2GM002667802|31 33|MEQ
BC2GM002667802|36 60|339-amino-acid bZIP protein
BC2GM002670368|22 26|Egr-1
BC2GM002743419|18 26|vitamin B1
BC2GM002743419|28 29|B2
BC2GM002830287|17 61|68-kilodalton nuclear ATP-binding phosphoprotein
BC2GM002830287|71 95|bovine papillomavirus type 1
BC2GM002844887|13 25|GRK6 homologue
BC2GM002844887|96 111|GRK6 cDNA sequence
BC2GM002848058|74 88|xanthine oxidase
BC2GM002856642|105 125|HIV long terminal repeat
BC2GM002856642|152 172|NF-kappa B binding sites
BC2GM002856642|230 232|CD4
BC2GM002856642|247 259|delta SP mutant
BC2GM002874950|20 31|WRM-1 protein
BC2GM002874950|39 43|LIT-1
BC2GM002874950|57 61|WRM-1
BC2GM002874950|76 93|LIT-1 protein kinase
BC2GM002932224|22 48|angiotensin converting enzyme
BC2GM003020957|115 120|Wnt-5A
BC2GM003035581|22 32|CaM kinase II
BC2GM003040896|13 16|GCD7
BC2GM003040896|20 23|GCD2
BC2GM003040896|75 79|eIF-2
BC2GM003040896|83 88|eIF-2B
BC2GM003040896|167 172|eIF-2B
BC2GM003040896|211 215|eIF-2
BC2GM003040896|263 268|eIF-2B
BC2GM003056399|55 58|PU.1
BC2GM003056399|107 111|PU-SF
BC2GM003056399|127 153|GM-CSF receptor alpha promoter
BC2GM003056399|154 161|PU.1 site
BC2GM003154305|30 46|recombinant C alpha
BC2GM003162436|76 121|ribulose-1,5-bisphosphate carboxylase/oxygenase
BC2GM003163464|22 26|VCAM1
BC2GM003163464|82 84|p50
BC2GM003163464|86 88|p65
BC2GM003163464|101 105|IRF-1
BC2GM003217917|56 58|Mtm
BC2GM003217917|142 152|strDEM genes
BC2GM003230275|29 33|CIITA
BC2GM003230275|36 36|C
BC2GM003230275|38 41|RFX5
BC2GM003230275|46 46|D
BC2GM003230275|48 52|RFXAP
BC2GM003261420|3 23|c-raf-1 proto-oncogene
BC2GM003261420|48 52|v-raf
BC2GM003267548|35 53|mouse orphan receptor
BC2GM003267548|63 77|tyrosine kinases
BC2GM003267548|79 81|Ryk
BC2GM003267548|120 139|growth factor receptor
BC2GM003302721|42 49|viral RNA
BC2GM003302721|53 65|BMV CP peptides
BC2GM003309537|20 28|hCoch-5B2
BC2GM003309537|96 100|DFNA9
BC2GM003309537|102 110|mCoch-5B2
BC2GM003309537|221 224|asp1
BC2GM003408029|19 21|ht2
BC2GM003435732|27 40|TCOF1 mutations
BC2GM003460926|43 49|CAT gene
BC2GM003460926|64 84|H-2Kb 5' enhancer region
BC2GM003460926|86 90|H2TF1
BC2GM003460926|92 99|KBF1 site
BC2GM003460926|122 128|pRSVCAT
BC2GM003517703|16 17|BP
BC2GM003613157|0 5|DSS4-1
BC2GM003613157|29 34|sec4-8
BC2GM003613157|80 84|Sec4p
BC2GM003670421|39 51|PDE alpha/beta
BC2GM003763223|64 75|grp promoters
BC2GM003776641|21 31|BMI1 protein
BC2GM003814386|63 66|NTF2
BC2GM003814386|70 72|Ran
BC2GM003814386|74 76|TC4
BC2GM003814386|100 103|NTF2
BC2GM003814386|145 147|Ran
BC2GM003814386|149 151|TC4
BC2GM003819880|69 72|Hbbs
BC2GM003819880|132 135|Hbbd
BC2GM003819880|147 154|beta dmin
BC2GM003819880|182 189|beta dmaj
BC2GM003829554|3 32|prosomal RNA-binding protein p27K
BC2GM003829554|47 73|alpha-type human prosomal gene
BC2GM003883590|117 120|CREB
BC2GM003883590|135 161|follicle-stimulating hormone
BC2GM003946244|52 58|insulin
BC2GM003985442|5 7|IgM
BC2GM003994836|63 67|E2F-4
BC2GM003994836|71 75|E2F-5
BC2GM003994836|135 138|p130
BC2GM004118493|43 52|sec4 mutant
BC2GM004118493|86 99|ypt31/32 mutant
BC2GM004196044|12 15|Grap
BC2GM004196044|33 66|Ras guanine nucleotide exchange factor
BC2GM004196044|67 71|mSos1
BC2GM004196044|92 110|N-terminal SH3 domain
BC2GM004225569|40 44|FinOP
BC2GM004225569|80 83|traJ
BC2GM004277618|115 125|Fc gamma RIIb
BC2GM004277618|133 146|murine beta gene
BC2GM004292158|37 44|V3 domain
BC2GM004292158|66 81|PKC theta fragment
BC2GM004396508|41 53|44-kDa protein
BC2GM004396508|60 76|E. coli RecA protein
BC2GM004396508|232 250|RecA protein antibody
BC2GM004472936|19 22|tonB
BC2GM004472936|24 31|phoA gene
BC2GM004472936|81 84|TonB
BC2GM004472936|144 147|TonB
BC2GM004475360|43 55|yeast RNase MRP
BC2GM004475360|59 76|RNA-binding protein
BC2GM004475360|82 93|zinc-cluster
BC2GM004484072|75 81|vif loci
BC2GM004529705|29 36|collagen
BC2GM004529705|67 84|noncollagen protein
BC2GM004561125|3 29|aromatic hydrocarbon receptor
BC2GM004561125|31 33|AHR
BC2GM004581999|82 85|FVII
BC2GM004581999|89 93|PAI-1
BC2GM004628180|3 19|metalloproteinase
BC2GM004628180|29 31|Met
BC2GM004628180|86 103|metalloproteinases
BC2GM004628180|121 126|TIMP-1
BC2GM004628180|129 134|TIMP-2
BC2GM004649890|76 81|mSin3A
BC2GM004649890|99 106|anti-Myc
BC2GM004649890|117 120|Mxi1
BC2GM004649890|122 123|SR
BC2GM004649890|185 190|mSin3A
BC2GM004649890|228 241|Myc superfamily
BC2GM004656785|399 406|collagen
BC2GM004658722|76 79|IFNB
BC2GM004666359|31 41|HOX cofactor
BC2GM004666359|43 47|PBX1A
BC2GM004666359|88 93|HOXA-1
BC2GM004666359|120 125|HOXD-4
BC2GM004672850|15 23|pro-IGF-2
BC2GM004675076|53 55|TBP
BC2GM004675076|57 60|TAFI
BC2GM004675076|181 194|RNA polymerase I
BC2GM004690060|0 16|Anti-Jo-1 antibody
BC2GM004715465|30 39|murine gene
BC2GM004715465|48 92|granulocyte-macrophage colony stimulating factor
BC2GM004721098|61 80|hINV upstream sequence
BC2GM004721098|89 98|luciferase
BC2GM004721098|104 137|POU homeodomain transcription factors
BC2GM004721098|138 141|Oct1
BC2GM004721098|143 146|Oct2
BC2GM004721098|148 151|Brn4
BC2GM004721098|153 156|SCIP
BC2GM004721098|158 162|Skn1a
BC2GM004721098|165 169|Skn1i
BC2GM004773918|3 6|Grb2
BC2GM004773918|7 9|SH3
BC2GM004773918|28 31|Gab1
BC2GM004773918|68 87|adapter protein SLP-76
BC2GM004781079|9 15|FTA-ABS
BC2GM004781079|17 19|19S
BC2GM004781079|21 23|IgM
BC2GM004792351|278 280|p32
BC2GM004899991|123 126|GCD1
BC2GM004899991|129 132|GCD2
BC2GM004916804|32 48|multicopy RBM genes
BC2GM004916804|175 183|YRRM 1 gene
BC2GM005019655|16 18|Rac
BC2GM005019655|22 26|Cdc42
BC2GM005019655|131 133|N17
BC2GM005052505|104 115|ATPase 6 genes
BC2GM005102149|65 99|erythroid-specific regulatory protein
BC2GM005102149|118 130|mouse EKLF gene
BC2GM005118324|122 124|PrA
BC2GM005153590|39 44|CAM5.2
BC2GM005272522|101 126|growth factor or growth factor
BC2GM005295111|76 80|RbcS2
BC2GM005295111|89 93|RbcS2
BC2GM005308134|14 24|holo-dTFIIA
BC2GM005308134|26 26|L
BC2GM005308134|28 28|S
BC2GM005308134|35 37|TBP
BC2GM005310044|77 100|lymphoblastoid interferon
BC2GM005317665|70 73|BTEB
BC2GM005330146|13 17|LZ321
BC2GM005330146|31 35|RREB1
BC2GM005330146|69 88|Ras responsive element
BC2GM005330146|90 92|RRE
BC2GM005330146|141 145|LZ321
BC2GM005335689|44 47|GRK2
BC2GM005335689|141 150|Gbetagamma
BC2GM005335832|21 37|mRAR-beta 3 region A
BC2GM005335832|55 64|mRAR-beta 1
BC2GM005335832|197 206|mRAR-beta 1
BC2GM005391893|0 4|Rad18
BC2GM005461741|102 110|HPt domain
BC2GM005461741|133 136|OmpR
BC2GM005484781|32 43|endothelin-1
BC2GM005485785|12 16|Raf-1
BC2GM005485785|29 46|monoclonal antibody
BC2GM005485785|67 71|Raf-1
BC2GM005485785|89 91|Mek
BC2GM005504970|127 129|tGH
BC2GM005504970|160 178|CRE-binding-protein
BC2GM005540562|71 96|DNase I hypersensitive region
BC2GM005568941|43 44|S2
BC2GM005568941|46 47|S1
BC2GM005575827|58 67|S1 nuclease
BC2GM005593098|35 39|Elf-1
BC2GM005593098|57 63|IgH gene
BC2GM005593098|118 129|AP-1 proteins
BC2GM005593098|183 193|IgM receptor
BC2GM005600450|4 7|Mdm2
BC2GM005600450|9 12|MdmX
BC2GM005600450|25 27|p53
BC2GM005600450|38 40|p53
BC2GM005600450|77 80|MdmX
BC2GM005600450|90 92|p53
BC2GM005608882|17 19|mAR
BC2GM005608882|55 57|mAR
BC2GM005625314|0 28|Transforming growth factor-beta
BC2GM005625314|30 37|TGF-beta
BC2GM005625314|115 117|p21
BC2GM005625314|119 122|WAF1
BC2GM005625314|124 127|Cip1
BC2GM005625314|130 132|p21
BC2GM005627247|22 36|antithrombin III
BC2GM005637228|46 84|IFN-gamma-activated transcription factors
BC2GM005637228|86 96|STAT-1alpha
BC2GM005637228|100 104|IRF-1
BC2GM005637228|113 115|GAS
BC2GM005637228|119 129|IRF elements
BC2GM005667784|29 31|HLA
BC2GM005703373|90 105|C-terminal domain
BC2GM005703373|131 137|RNAP IIO
BC2GM005703373|147 149|NC2
BC2GM005711983|129 132|PAP2
BC2GM005711983|136 139|PAP1
BC2GM005729141|91 94|uvsY
BC2GM005729141|181 184|uvsY
BC2GM005819408|162 170|gamma loci
BC2GM005826415|120 135|cyclooxygenase-2
BC2GM005882702|0 3|Sox8
BC2GM005929354|0 20|Acetyl-CoA carboxylase
BC2GM005932533|44 52|POZ domain
BC2GM005993806|47 53|tRNAPhe
BC2GM006001053|15 20|PKNOX1
BC2GM006080494|58 66|bHLH motif
BC2GM006085106|89 91|Sxl
BC2GM006220127|55 71|Sp1 binding element
BC2GM006220127|118 140|alpha2-integrin promoter
BC2GM006220127|166 188|alpha2-integrin promoter
BC2GM006220127|219 221|Erb
BC2GM006272677|31 40|AF-1 region
BC2GM006272677|43 51|PPARalpha
BC2GM006294233|40 47|CREB mRNA
BC2GM006294233|134 146|CREB repressor
BC2GM006294233|161 167|I-CREBs
BC2GM006294419|8 20|BRCA1 promoter
BC2GM006294419|43 49|E2F site
BC2GM006294419|75 78|E2F1
BC2GM006294419|82 83|Rb
BC2GM006324019|62 76|Ets binding sites
BC2GM006324019|78 81|EBS1
BC2GM006324019|85 88|EBS2
BC2GM006399626|31 36|CYT-18
BC2GM006399626|42 49|small RNA
BC2GM006399626|51 58|P4-P6 RNA
BC2GM006399626|86 96|P4-P6 domain
BC2GM006418171|52 55|CREM
BC2GM006490341|22 25|PRR2
BC2GM006490341|33 35|PVR
BC2GM006491686|45 56|PIAS proteins
BC2GM006491686|58 62|ARIP3
BC2GM006491686|64 73|PIASx alpha
BC2GM006491686|75 78|Miz1
BC2GM006491686|80 88|PIASx beta
BC2GM006491686|90 92|GBP
BC2GM006491686|94 98|PIAS1
BC2GM006491686|103 107|PIAS3
BC2GM006491686|130 144|steroid receptor
BC2GM006491686|148 151|STAT
BC2GM006556353|127 137|human Ha-ras
BC2GM006556353|232 253|dihydrofolate reductase
BC2GM006556353|255 258|dhfr
BC2GM006557709|0 2|Cbl
BC2GM006557709|55 63|SH2 domain
BC2GM006557709|127 141|ubiquitin ligase
BC2GM006557709|190 211|SH3-containing proteins
BC2GM006557709|263 284|SH2-containing proteins
BC2GM006557709|290 293|CrkL
BC2GM006557709|300 309|p85 subunit
BC2GM006557709|312 321|PI 3-kinase
BC2GM006559447|62 78|DNA-binding domain
BC2GM006599822|110 119|renal renin
BC2GM006670958|62 73|CAD sequences
BC2GM006670958|76 101|hamster and Squalus acanthias
BC2GM006702465|22 24|GAP
BC2GM006702465|91 103|62-kDa protein
BC2GM006702465|105 107|p62
BC2GM006761039|20 34|coagulase type IV
BC2GM006771200|146 147|Ta
BC2GM006771200|149 150|T1
BC2GM006783722|89 90|gB
BC2GM006903423|37 39|PSA
BC2GM006926838|41 50|E2A protein
BC2GM006926838|51 53|E12
BC2GM006926838|124 126|EBF
BC2GM006926838|128 136|IL7Ralpha
BC2GM006926838|138 144|lambda5
BC2GM006926838|149 153|Rag-1
BC2GM006926838|176 190|kappa light chain
BC2GM006948843|48 54|CAP site
BC2GM006948843|108 138|transcription factor binding sites
BC2GM006986011|3 28|dopamine D1 dopamine receptor
BC2GM007000776|27 34|viral RNA
BC2GM007000776|117 124|coat gene
BC2GM007028303|67 79|c-Rabphilin3a
BC2GM007028303|145 146|GH
BC2GM007032064|54 77|Wilms tumor/anirida region
BC2GM007100869|16 19|p51A
BC2GM007100869|21 30|TAp63gamma
BC2GM007100869|141 144|p51A
BC2GM007134922|5 15|UmuD protein
BC2GM007134922|66 69|RecA
BC2GM007134922|92 95|MucA
BC2GM007134922|132 135|UmuD
BC2GM007134922|154 157|MucA
BC2GM007134922|210 216|LacZ'-'
BC2GM007134922|217 220|MucA
BC2GM007199944|27 36|Gag protein
BC2GM007199944|75 78|pr74
BC2GM007199944|90 102|70-kDa protein
BC2GM007199944|104 106|p70
BC2GM007199944|122 134|viral protease
BC2GM007200523|85 113|paired-related homeobox protein
BC2GM007200523|115 118|Prx2
BC2GM007200523|120 121|S8
BC2GM007219216|56 61|scERV2
BC2GM007281515|25 28|TIGA
BC2GM007331951|37 44|narQ gene
BC2GM007331951|242 252|beta subunit
BC2GM007331951|255 271|glutamate synthase
BC2GM007331951|273 276|gltD
BC2GM007417930|0 7|Wingless
BC2GM007417930|9 11|Wnt
BC2GM007444164|2 7|CYP7A1
BC2GM007444164|61 102|sterol response element-binding protein-2 mRNA
BC2GM007462529|95 97|IgE
BC2GM007534249|49 50|EP
BC2GM007582543|11 25|BamHI-F fragment
BC2GM007582543|64 67|SalI
BC2GM007582543|71 80|BamHI sites
BC2GM007582543|124 126|E1A
BC2GM007719127|7 10|Xbra
BC2GM007719127|20 25|Xegr-1
BC2GM007719127|102 123|fibroblast growth factor
BC2GM007741669|24 26|p92
BC2GM007741669|28 30|p84
BC2GM007741669|32 34|p75
BC2GM007741669|36 38|p73
BC2GM007741669|40 42|p69
BC2GM007741669|47 49|p57
BC2GM007746647|53 58|Ste20p
BC2GM007746647|84 89|Ste20p
BC2GM007746647|144 148|Akr1p
BC2GM007788205|40 74|porcine G alpha i-3 gene minimal promoter
BC2GM007804673|81 91|ATP synthase
BC2GM007835217|4 4|R
BC2GM007849960|49 66|PDGF alpha-receptor
BC2GM007864175|64 81|human gp130 promoter
BC2GM007864175|89 114|interleukin-6 type cytokines
BC2GM007864175|164 168|STATs
BC2GM007915861|34 58|U24 methylation guide snoRNA
BC2GM007915861|110 120|C' box motifs
BC2GM007950303|13 18|knirps
BC2GM008088904|0 2|VAV
BC2GM008088904|6 10|SOCS1
BC2GM008088904|59 61|VAV
BC2GM008088904|98 106|SH2 domain
BC2GM008088904|109 113|SOCS1
BC2GM008093196|63 103|glutathione S-transferase-raf fusion protein
BC2GM008093196|136 144|NF-kappa B
BC2GM008128545|7 15|p38 kinase
BC2GM008128545|98 105|IL-1beta
BC2GM008128545|122 133|hBNP promoter
BC2GM008157990|91 105|immunoglobulin E
BC2GM008157990|107 109|IgE
BC2GM008157990|183 191|ovalbumin
BC2GM008157990|193 194|OA
BC2GM008224119|9 12|RifA
BC2GM008224119|19 59|beta-ketoacyl:acyl carrier protein reductase
BC2GM008224119|61 62|KR
BC2GM008224119|111 127|NADPH binding motif
BC2GM008224119|151 155|Er PKS
BC2GM008224119|189 193|Rf PKS
BC2GM008228861|14 29|interferon-gamma
BC2GM008228861|33 57|tumor necrosis factor-alpha
BC2GM008228861|115 158|signal transducer and activator of transcription 1
BC2GM008228861|162 180|nuclear factor kappaB
BC2GM008233762|102 110|caspase-3
BC2GM008312798|25 31|alpha1A
BC2GM008312798|34 40|alpha1B
BC2GM008312798|46 52|alpha1D
BC2GM008334952|42 44|PKA
BC2GM008334952|90 99|human renin
BC2GM008418248|28 58|murine atonal-related bHLH protein
BC2GM008520158|75 76|T1
BC2GM008520158|157 158|T5
BC2GM008579133|30 45|DNA binding domain
BC2GM008579133|48 51|GAL4
BC2GM008579133|82 93|BHV-alpha TIF
BC2GM008652234|31 45|antithrombin III
BC2GM008652234|106 116|fibronectin
BC2GM008677402|0 1|ER
BC2GM008677402|5 6|DR
BC2GM008677402|38 44|MIB-1 LI
BC2GM008773952|45 58|acid hydrolases
BC2GM008847096|45 65|non-erythroid spectrin
BC2GM008847096|67 83|human alpha-fodrin
BC2GM009017382|16 20|ICP47
BC2GM009017382|24 27|US11
BC2GM009017382|85 93|class I MHC
BC2GM009033514|45 63|mutant IL-2 receptors
BC2GM009033514|76 79|IL-2
BC2GM009033514|88 101|tyrosine kinase
BC2GM009072433|13 39|angiotensin converting enzyme
BC2GM009169433|69 110|endothelial marker factor VIII-related antigen
BC2GM009197562|87 102|topo II alpha mRNAs
BC2GM009205276|100 128|rat brain microsomal NA-K-ATPase
BC2GM009275309|43 46|Rac1
BC2GM009275309|48 50|p38
BC2GM009275309|52 60|MAPKAPK-2
BC2GM009275309|121 123|p38
BC2GM009334391|23 36|empty spiracles
BC2GM009334391|37 48|homeobox gene
BC2GM009438252|45 49|C/EBP
BC2GM009438252|84 88|v-Myb
BC2GM009462696|77 100|N-terminal globular domain
BC2GM009473053|0 2|Zta
BC2GM009473053|16 18|HAT
BC2GM009473053|29 31|CBP
BC2GM009473053|148 150|CBP
BC2GM009479019|82 84|LSU
BC2GM009479019|161 167|18S rDNA
BC2GM009503758|29 38|C-terminus
BC2GM009503758|44 61|Mutator transposase
BC2GM009503758|96 99|Trap
BC2GM009503758|101 128|transposon-associated protein
BC2GM009533483|16 25|FGFR-3 mRNA
BC2GM009539472|6 17|serine kinase
BC2GM009539472|29 32|rac1
BC2GM009539472|34 40|CDC42Hs
BC2GM009539472|81 85|PAK65
BC2GM009539472|89 93|STE20
BC2GM009549697|0 6|CYP51P1
BC2GM009570936|11 14|glnB
BC2GM009570936|16 20|nifR1
BC2GM009570936|22 25|ntrC
BC2GM009570936|31 35|NifR4
BC2GM009570936|37 40|ntrA
BC2GM009570936|49 55|sigma 54
BC2GM009595830|68 73|Cdc28p
BC2GM009595830|91 95|Swe1p
BC2GM009597017|0 18|IgE-binding proteins
BC2GM009645672|9 15|sec71-1
BC2GM009645672|19 25|sec72-1
BC2GM009645672|69 74|Sec63p
BC2GM009645672|76 78|BiP
BC2GM009689602|26 43|trans-acting factor
BC2GM009689602|113 116|MerI
BC2GM009701774|46 64|alpha 7 integrin chain
BC2GM009721363|19 21|Vpu
BC2GM009721363|196 199|CK-2
BC2GM009734777|41 44|virJ
BC2GM009734777|46 49|phoA
BC2GM009734777|128 131|virJ
BC2GM009739613|9 17|TRPC7 gene
BC2GM009914955|81 85|c-fos
BC2GM009914955|89 95|krox-24
BC2GM010201696|149 152|MDR1
BC2GM010201696|186 189|MDR1
BC2GM010221833|66 68|ATF
BC2GM010221833|70 72|NF1
BC2GM010221833|78 97|CCAAT-binding protein
BC2GM010227811|63 83|aspartate transaminase
BC2GM010316325|45 48|TOR1
BC2GM010316325|52 55|TOR2
BC2GM010367775|28 37|SH2 domains
BC2GM010367775|60 67|p85alpha
BC2GM010367775|75 77|SH3
BC2GM010367775|81 98|bcr homology domains
BC2GM010367775|101 108|p85alpha
BC2GM010408815|28 38|Gal4 protein
BC2GM010408815|55 64|gal4 mutant
BC2GM010412536|5 12|d-delta3
BC2GM010412536|69 74|I-beta
BC2GM010412536|107 113|I-alpha
BC2GM010412536|154 160|I-alpha
BC2GM010453739|275 282|lysozyme
BC2GM010453739|286 313|gamma-glutamyl transpeptidase
BC2GM010453739|315 322|gamma-GT
BC2GM010453739|358 364|insulin
BC2GM010453739|428 430|TmP
BC2GM010467864|54 78|type IB topoisomerase family
BC2GM010561492|21 56|proliferating-cell nuclear antigen gene
BC2GM010561492|82 100|CRE-binding proteins
BC2GM010561492|103 114|interleukin 2
BC2GM010596597|136 141|U93051
BC2GM010599540|131 151|lambda cI repressor gene
BC2GM010650292|23 26|MAPK
BC2GM010650292|37 46|MAPK kinase
BC2GM010650292|101 105|MAPKs
BC2GM010650292|140 144|GnRHR
BC2GM010650292|146 148|Luc
BC2GM010669638|24 26|RXR
BC2GM010669638|40 42|GFP
BC2GM010669638|44 46|VDR
BC2GM010669638|50 55|nlsGFP
BC2GM010669638|57 59|VDR
BC2GM010707671|68 75|sf-cDNAs
BC2GM010723108|76 99|serum alanine transaminase
BC2GM010723108|101 103|ALT
BC2GM010723108|214 233|anti-nuclear antibody
BC2GM010723108|235 237|ANA
BC2GM010800143|36 42|E3L gene
BC2GM010895648|40 53|B22EL8 promoter
BC2GM010895648|55 57|GUS
BC2GM010895648|59 76|beta-glucuronidase
BC2GM010924622|12 16|CWH43
BC2GM010924622|42 48|YCR017c
BC2GM010976531|48 50|PSA
BC2GM010985473|7 17|GATA-1 motif
BC2GM010985473|32 44|nuclear factor
BC2GM010985473|62 73|GATA-1 factor
BC2GM011003396|55 57|Hip
BC2GM011003396|117 121|hsp70
BC2GM011015031|54 64|DNA-protein
BC2GM011018907|3 24|myeloid zinc finger gene 1
BC2GM011018907|26 29|MZF1
BC2GM011075999|9 16|collagen
BC2GM011080889|51 53|MAO
BC2GM011080889|138 140|MAO
BC2GM011109464|23 31|IGF IR mRNA
BC2GM011126259|93 106|yeast HSP82 gene
BC2GM011154838|62 70|Cbfa1 gene
BC2GM011190047|3 11|RTI40 gene
BC2GM011289618|29 50|C-terminal coding region
BC2GM011289618|94 103|CyIIIb gene
BC2GM011299853|49 58|napin genes
BC2GM011299853|128 131|ABI3
BC2GM011301969|75 84|human cDNAs
BC2GM011301969|91 107|S. cerevisiae genes
BC2GM011301969|108 111|RFC1
BC2GM011301969|113 116|RFC2
BC2GM011301969|118 121|RFC3
BC2GM011301969|123 126|RFC4
BC2GM011301969|131 134|RFC5
BC2GM011323524|192 195|NifA
BC2GM011323900|0 25|Mouse macrophage beta subunit
BC2GM011323900|27 31|CD11b
BC2GM011323900|43 63|CR3 complement receptor
BC2GM011323900|65 76|Mac-1 antigen
BC2GM011333437|52 98|murine voltage-gated potassium channel protein Kv1.7
BC2GM011333437|100 104|Kcna7
BC2GM011480207|144 175|intestinal hormone cholecystokinin
BC2GM011492237|5 10|HIV LTR
BC2GM011492237|89 95|HIV gene
BC2GM011499496|70 80|PKC zeta mRNA
BC2GM011520579|35 39|Ino2p
BC2GM011520579|74 91|beta-galactosidase
BC2GM011520579|93 96|Ino2
BC2GM011525777|51 54|CCR4
BC2GM011525777|56 58|NOT
BC2GM011526436|5 7|AFP
BC2GM011571896|64 70|Sp1 site
BC2GM011571896|104 106|ZII
BC2GM011571896|108 111|CREB
BC2GM011571896|131 143|BZLF1 promoter
BC2GM011571896|155 172|beta-globin TATA box
